[32m2025-06-11 18:20:37 +0530[0m - dagster - [34mDEBUG[0m - materialize_dbt_models - 1f7cd477-5c1c-4e43-b2d8-fc8c5356fcc7 - 53560 - LOGS_CAPTURED - Started capturing logs in process (pid: 53560).
[32m2025-06-11 18:20:37 +0530[0m - dagster - [34mDEBUG[0m - materialize_dbt_models - 1f7cd477-5c1c-4e43-b2d8-fc8c5356fcc7 - 53560 - dbtsnow_dbt_assets - STEP_START - Started execution of step "dbtsnow_dbt_assets".
[32m2025-06-11 18:20:37 +0530[0m - dagster - [34mINFO[0m - materialize_dbt_models - 1f7cd477-5c1c-4e43-b2d8-fc8c5356fcc7 - dbtsnow_dbt_assets - A dbt subsetted execution is not being performed. Using the default dbt selection arguments `['--select', 'fqn:*']`.
[32m2025-06-11 18:20:37 +0530[0m - dagster - [34mINFO[0m - materialize_dbt_models - 1f7cd477-5c1c-4e43-b2d8-fc8c5356fcc7 - dbtsnow_dbt_assets - Copying `/Users/yashpadiyar/dbt_pipeline/dbtsnow/target/partial_parse.msgpack` to `/Users/yashpadiyar/dbt_pipeline/dbtsnow/target/dbtsnow_dbt_assets-1f7cd47-4a96beb/partial_parse.msgpack` to take advantage of partial parsing.
[32m2025-06-11 18:20:37 +0530[0m - dagster - [34mINFO[0m - materialize_dbt_models - 1f7cd477-5c1c-4e43-b2d8-fc8c5356fcc7 - dbtsnow_dbt_assets - Running dbt command: `dbt build --select fqn:*`.
[32m2025-06-11 18:20:42 +0530[0m - dagster - [34mDEBUG[0m - materialize_dbt_models - 1f7cd477-5c1c-4e43-b2d8-fc8c5356fcc7 - 53560 - dbtsnow_dbt_assets - STEP_OUTPUT - Yielded output "src_crm" of type "Nothing". (Type check passed).
[32m2025-06-11 18:20:42 +0530[0m - dagster - [34mDEBUG[0m - materialize_dbt_models - 1f7cd477-5c1c-4e43-b2d8-fc8c5356fcc7 - 53560 - dbtsnow_dbt_assets - ASSET_MATERIALIZATION - Materialized value src_crm.
[32m2025-06-11 18:20:43 +0530[0m - dagster - [34mDEBUG[0m - materialize_dbt_models - 1f7cd477-5c1c-4e43-b2d8-fc8c5356fcc7 - 53560 - dbtsnow_dbt_assets - STEP_OUTPUT - Yielded output "src_devices" of type "Nothing". (Type check passed).
[32m2025-06-11 18:20:43 +0530[0m - dagster - [34mDEBUG[0m - materialize_dbt_models - 1f7cd477-5c1c-4e43-b2d8-fc8c5356fcc7 - 53560 - dbtsnow_dbt_assets - ASSET_MATERIALIZATION - Materialized value src_devices.
[32m2025-06-11 18:20:44 +0530[0m - dagster - [34mDEBUG[0m - materialize_dbt_models - 1f7cd477-5c1c-4e43-b2d8-fc8c5356fcc7 - 53560 - dbtsnow_dbt_assets - STEP_OUTPUT - Yielded output "src_rev" of type "Nothing". (Type check passed).
[32m2025-06-11 18:20:44 +0530[0m - dagster - [34mDEBUG[0m - materialize_dbt_models - 1f7cd477-5c1c-4e43-b2d8-fc8c5356fcc7 - 53560 - dbtsnow_dbt_assets - ASSET_MATERIALIZATION - Materialized value src_rev.
[32m2025-06-11 18:20:59 +0530[0m - dagster - [34mDEBUG[0m - materialize_dbt_models - 1f7cd477-5c1c-4e43-b2d8-fc8c5356fcc7 - 53560 - dbtsnow_dbt_assets - STEP_OUTPUT - Yielded output "dim_crm" of type "Nothing". (Type check passed).
[32m2025-06-11 18:20:59 +0530[0m - dagster - [34mDEBUG[0m - materialize_dbt_models - 1f7cd477-5c1c-4e43-b2d8-fc8c5356fcc7 - 53560 - dbtsnow_dbt_assets - ASSET_MATERIALIZATION - Materialized value dim_crm.
[32m2025-06-11 18:21:22 +0530[0m - dagster - [34mDEBUG[0m - materialize_dbt_models - 1f7cd477-5c1c-4e43-b2d8-fc8c5356fcc7 - 53560 - dbtsnow_dbt_assets - STEP_OUTPUT - Yielded output "scd_crm" of type "Nothing". (Type check passed).
[32m2025-06-11 18:21:22 +0530[0m - dagster - [34mDEBUG[0m - materialize_dbt_models - 1f7cd477-5c1c-4e43-b2d8-fc8c5356fcc7 - 53560 - dbtsnow_dbt_assets - ASSET_MATERIALIZATION - Materialized value scd_crm.
[32m2025-06-11 18:21:24 +0530[0m - dagster - [34mDEBUG[0m - materialize_dbt_models - 1f7cd477-5c1c-4e43-b2d8-fc8c5356fcc7 - 53560 - dbtsnow_dbt_assets - STEP_OUTPUT - Yielded output "dim_device" of type "Nothing". (Type check passed).
[32m2025-06-11 18:21:24 +0530[0m - dagster - [34mDEBUG[0m - materialize_dbt_models - 1f7cd477-5c1c-4e43-b2d8-fc8c5356fcc7 - 53560 - dbtsnow_dbt_assets - ASSET_MATERIALIZATION - Materialized value dim_device.
[32m2025-06-11 18:21:29 +0530[0m - dagster - [34mDEBUG[0m - materialize_dbt_models - 1f7cd477-5c1c-4e43-b2d8-fc8c5356fcc7 - 53560 - dbtsnow_dbt_assets - STEP_OUTPUT - Yielded output "dim_date" of type "Nothing". (Type check passed).
[32m2025-06-11 18:21:29 +0530[0m - dagster - [34mDEBUG[0m - materialize_dbt_models - 1f7cd477-5c1c-4e43-b2d8-fc8c5356fcc7 - 53560 - dbtsnow_dbt_assets - ASSET_MATERIALIZATION - Materialized value dim_date.
[32m2025-06-11 18:21:29 +0530[0m - dagster - [34mDEBUG[0m - materialize_dbt_models - 1f7cd477-5c1c-4e43-b2d8-fc8c5356fcc7 - 53560 - dbtsnow_dbt_assets - ASSET_OBSERVATION - DagsterEventType.ASSET_OBSERVATION for step dbtsnow_dbt_assets
[32m2025-06-11 18:21:30 +0530[0m - dagster - [34mDEBUG[0m - materialize_dbt_models - 1f7cd477-5c1c-4e43-b2d8-fc8c5356fcc7 - 53560 - dbtsnow_dbt_assets - ASSET_OBSERVATION - DagsterEventType.ASSET_OBSERVATION for step dbtsnow_dbt_assets
[32m2025-06-11 18:21:30 +0530[0m - dagster - [34mDEBUG[0m - materialize_dbt_models - 1f7cd477-5c1c-4e43-b2d8-fc8c5356fcc7 - 53560 - dbtsnow_dbt_assets - ASSET_OBSERVATION - DagsterEventType.ASSET_OBSERVATION for step dbtsnow_dbt_assets
[32m2025-06-11 18:21:31 +0530[0m - dagster - [34mDEBUG[0m - materialize_dbt_models - 1f7cd477-5c1c-4e43-b2d8-fc8c5356fcc7 - 53560 - dbtsnow_dbt_assets - ASSET_OBSERVATION - DagsterEventType.ASSET_OBSERVATION for step dbtsnow_dbt_assets
[32m2025-06-11 18:21:31 +0530[0m - dagster - [34mDEBUG[0m - materialize_dbt_models - 1f7cd477-5c1c-4e43-b2d8-fc8c5356fcc7 - 53560 - dbtsnow_dbt_assets - ASSET_OBSERVATION - DagsterEventType.ASSET_OBSERVATION for step dbtsnow_dbt_assets
[32m2025-06-11 18:21:33 +0530[0m - dagster - [34mDEBUG[0m - materialize_dbt_models - 1f7cd477-5c1c-4e43-b2d8-fc8c5356fcc7 - 53560 - dbtsnow_dbt_assets - ASSET_OBSERVATION - DagsterEventType.ASSET_OBSERVATION for step dbtsnow_dbt_assets
[32m2025-06-11 18:21:33 +0530[0m - dagster - [34mDEBUG[0m - materialize_dbt_models - 1f7cd477-5c1c-4e43-b2d8-fc8c5356fcc7 - 53560 - dbtsnow_dbt_assets - ASSET_OBSERVATION - DagsterEventType.ASSET_OBSERVATION for step dbtsnow_dbt_assets
[32m2025-06-11 18:21:34 +0530[0m - dagster - [34mDEBUG[0m - materialize_dbt_models - 1f7cd477-5c1c-4e43-b2d8-fc8c5356fcc7 - 53560 - dbtsnow_dbt_assets - ASSET_OBSERVATION - DagsterEventType.ASSET_OBSERVATION for step dbtsnow_dbt_assets
[32m2025-06-11 18:21:34 +0530[0m - dagster - [34mDEBUG[0m - materialize_dbt_models - 1f7cd477-5c1c-4e43-b2d8-fc8c5356fcc7 - 53560 - dbtsnow_dbt_assets - ASSET_OBSERVATION - DagsterEventType.ASSET_OBSERVATION for step dbtsnow_dbt_assets
[32m2025-06-11 18:21:35 +0530[0m - dagster - [34mDEBUG[0m - materialize_dbt_models - 1f7cd477-5c1c-4e43-b2d8-fc8c5356fcc7 - 53560 - dbtsnow_dbt_assets - ASSET_OBSERVATION - DagsterEventType.ASSET_OBSERVATION for step dbtsnow_dbt_assets
[32m2025-06-11 18:21:35 +0530[0m - dagster - [34mDEBUG[0m - materialize_dbt_models - 1f7cd477-5c1c-4e43-b2d8-fc8c5356fcc7 - 53560 - dbtsnow_dbt_assets - ASSET_OBSERVATION - DagsterEventType.ASSET_OBSERVATION for step dbtsnow_dbt_assets
[32m2025-06-11 18:21:36 +0530[0m - dagster - [34mDEBUG[0m - materialize_dbt_models - 1f7cd477-5c1c-4e43-b2d8-fc8c5356fcc7 - 53560 - dbtsnow_dbt_assets - ASSET_OBSERVATION - DagsterEventType.ASSET_OBSERVATION for step dbtsnow_dbt_assets
[32m2025-06-11 18:21:36 +0530[0m - dagster - [34mDEBUG[0m - materialize_dbt_models - 1f7cd477-5c1c-4e43-b2d8-fc8c5356fcc7 - 53560 - dbtsnow_dbt_assets - ASSET_OBSERVATION - DagsterEventType.ASSET_OBSERVATION for step dbtsnow_dbt_assets
[32m2025-06-11 18:21:37 +0530[0m - dagster - [34mDEBUG[0m - materialize_dbt_models - 1f7cd477-5c1c-4e43-b2d8-fc8c5356fcc7 - 53560 - dbtsnow_dbt_assets - ASSET_OBSERVATION - DagsterEventType.ASSET_OBSERVATION for step dbtsnow_dbt_assets
[32m2025-06-11 18:21:40 +0530[0m - dagster - [34mDEBUG[0m - materialize_dbt_models - 1f7cd477-5c1c-4e43-b2d8-fc8c5356fcc7 - 53560 - dbtsnow_dbt_assets - STEP_OUTPUT - Yielded output "fact_rev" of type "Nothing". (Type check passed).
[32m2025-06-11 18:21:40 +0530[0m - dagster - [34mDEBUG[0m - materialize_dbt_models - 1f7cd477-5c1c-4e43-b2d8-fc8c5356fcc7 - 53560 - dbtsnow_dbt_assets - ASSET_MATERIALIZATION - Materialized value fact_rev.
[32m2025-06-11 18:21:40 +0530[0m - dagster - [34mDEBUG[0m - materialize_dbt_models - 1f7cd477-5c1c-4e43-b2d8-fc8c5356fcc7 - 53560 - dbtsnow_dbt_assets - STEP_SUCCESS - Finished execution of step "dbtsnow_dbt_assets" in 1m3s.
