[32m2025-06-13 10:32:17 +0530[0m - dagster - [34mDEBUG[0m - materialize_dbt_models - f301e115-79a6-4eba-af77-bf7a341fd9d1 - 70990 - LOGS_CAPTURED - Started capturing logs in process (pid: 70990).
[32m2025-06-13 10:32:17 +0530[0m - dagster - [34mDEBUG[0m - materialize_dbt_models - f301e115-79a6-4eba-af77-bf7a341fd9d1 - 70990 - dbtsnow_dbt_assets - STEP_START - Started execution of step "dbtsnow_dbt_assets".
[32m2025-06-13 10:32:17 +0530[0m - dagster - [34mINFO[0m - materialize_dbt_models - f301e115-79a6-4eba-af77-bf7a341fd9d1 - dbtsnow_dbt_assets - A dbt subsetted execution is not being performed. Using the default dbt selection arguments `['--select', 'fqn:*']`.
[32m2025-06-13 10:32:17 +0530[0m - dagster - [34mINFO[0m - materialize_dbt_models - f301e115-79a6-4eba-af77-bf7a341fd9d1 - dbtsnow_dbt_assets - Copying `/Users/yashpadiyar/dbt_pipeline/dbtsnow/target/partial_parse.msgpack` to `/Users/yashpadiyar/dbt_pipeline/dbtsnow/target/dbtsnow_dbt_assets-f301e11-15e1f0e/partial_parse.msgpack` to take advantage of partial parsing.
[32m2025-06-13 10:32:17 +0530[0m - dagster - [34mINFO[0m - materialize_dbt_models - f301e115-79a6-4eba-af77-bf7a341fd9d1 - dbtsnow_dbt_assets - Running dbt command: `dbt build --select fqn:*`.
[32m2025-06-13 10:32:23 +0530[0m - dagster - [34mDEBUG[0m - materialize_dbt_models - f301e115-79a6-4eba-af77-bf7a341fd9d1 - 70990 - dbtsnow_dbt_assets - STEP_OUTPUT - Yielded output "src_crm" of type "Nothing". (Type check passed).
[32m2025-06-13 10:32:23 +0530[0m - dagster - [34mDEBUG[0m - materialize_dbt_models - f301e115-79a6-4eba-af77-bf7a341fd9d1 - 70990 - dbtsnow_dbt_assets - ASSET_MATERIALIZATION - Materialized value src_crm.
[32m2025-06-13 10:32:23 +0530[0m - dagster - [34mDEBUG[0m - materialize_dbt_models - f301e115-79a6-4eba-af77-bf7a341fd9d1 - 70990 - dbtsnow_dbt_assets - STEP_OUTPUT - Yielded output "src_devices" of type "Nothing". (Type check passed).
[32m2025-06-13 10:32:23 +0530[0m - dagster - [34mDEBUG[0m - materialize_dbt_models - f301e115-79a6-4eba-af77-bf7a341fd9d1 - 70990 - dbtsnow_dbt_assets - ASSET_MATERIALIZATION - Materialized value src_devices.
[32m2025-06-13 10:32:24 +0530[0m - dagster - [34mDEBUG[0m - materialize_dbt_models - f301e115-79a6-4eba-af77-bf7a341fd9d1 - 70990 - dbtsnow_dbt_assets - STEP_OUTPUT - Yielded output "src_rev" of type "Nothing". (Type check passed).
[32m2025-06-13 10:32:24 +0530[0m - dagster - [34mDEBUG[0m - materialize_dbt_models - f301e115-79a6-4eba-af77-bf7a341fd9d1 - 70990 - dbtsnow_dbt_assets - ASSET_MATERIALIZATION - Materialized value src_rev.
[32m2025-06-13 10:32:53 +0530[0m - dagster - [34mDEBUG[0m - materialize_dbt_models - f301e115-79a6-4eba-af77-bf7a341fd9d1 - 70990 - dbtsnow_dbt_assets - STEP_OUTPUT - Yielded output "scd_crm" of type "Nothing". (Type check passed).
[32m2025-06-13 10:32:53 +0530[0m - dagster - [34mDEBUG[0m - materialize_dbt_models - f301e115-79a6-4eba-af77-bf7a341fd9d1 - 70990 - dbtsnow_dbt_assets - ASSET_MATERIALIZATION - Materialized value scd_crm.
[32m2025-06-13 10:33:05 +0530[0m - dagster - [34mDEBUG[0m - materialize_dbt_models - f301e115-79a6-4eba-af77-bf7a341fd9d1 - 70990 - dbtsnow_dbt_assets - STEP_OUTPUT - Yielded output "dim_crm" of type "Nothing". (Type check passed).
[32m2025-06-13 10:33:05 +0530[0m - dagster - [34mDEBUG[0m - materialize_dbt_models - f301e115-79a6-4eba-af77-bf7a341fd9d1 - 70990 - dbtsnow_dbt_assets - ASSET_MATERIALIZATION - Materialized value dim_crm.
[32m2025-06-13 10:33:07 +0530[0m - dagster - [34mDEBUG[0m - materialize_dbt_models - f301e115-79a6-4eba-af77-bf7a341fd9d1 - 70990 - dbtsnow_dbt_assets - STEP_OUTPUT - Yielded output "dim_device" of type "Nothing". (Type check passed).
[32m2025-06-13 10:33:07 +0530[0m - dagster - [34mDEBUG[0m - materialize_dbt_models - f301e115-79a6-4eba-af77-bf7a341fd9d1 - 70990 - dbtsnow_dbt_assets - ASSET_MATERIALIZATION - Materialized value dim_device.
[32m2025-06-13 10:33:13 +0530[0m - dagster - [34mDEBUG[0m - materialize_dbt_models - f301e115-79a6-4eba-af77-bf7a341fd9d1 - 70990 - dbtsnow_dbt_assets - STEP_OUTPUT - Yielded output "dim_date" of type "Nothing". (Type check passed).
[32m2025-06-13 10:33:13 +0530[0m - dagster - [34mDEBUG[0m - materialize_dbt_models - f301e115-79a6-4eba-af77-bf7a341fd9d1 - 70990 - dbtsnow_dbt_assets - ASSET_MATERIALIZATION - Materialized value dim_date.
[32m2025-06-13 10:33:14 +0530[0m - dagster - [34mDEBUG[0m - materialize_dbt_models - f301e115-79a6-4eba-af77-bf7a341fd9d1 - 70990 - dbtsnow_dbt_assets - ASSET_OBSERVATION - DagsterEventType.ASSET_OBSERVATION for step dbtsnow_dbt_assets
[32m2025-06-13 10:33:14 +0530[0m - dagster - [34mDEBUG[0m - materialize_dbt_models - f301e115-79a6-4eba-af77-bf7a341fd9d1 - 70990 - dbtsnow_dbt_assets - ASSET_OBSERVATION - DagsterEventType.ASSET_OBSERVATION for step dbtsnow_dbt_assets
[32m2025-06-13 10:33:15 +0530[0m - dagster - [34mDEBUG[0m - materialize_dbt_models - f301e115-79a6-4eba-af77-bf7a341fd9d1 - 70990 - dbtsnow_dbt_assets - ASSET_OBSERVATION - DagsterEventType.ASSET_OBSERVATION for step dbtsnow_dbt_assets
[32m2025-06-13 10:33:16 +0530[0m - dagster - [34mDEBUG[0m - materialize_dbt_models - f301e115-79a6-4eba-af77-bf7a341fd9d1 - 70990 - dbtsnow_dbt_assets - ASSET_OBSERVATION - DagsterEventType.ASSET_OBSERVATION for step dbtsnow_dbt_assets
[32m2025-06-13 10:33:16 +0530[0m - dagster - [34mDEBUG[0m - materialize_dbt_models - f301e115-79a6-4eba-af77-bf7a341fd9d1 - 70990 - dbtsnow_dbt_assets - ASSET_OBSERVATION - DagsterEventType.ASSET_OBSERVATION for step dbtsnow_dbt_assets
[32m2025-06-13 10:33:18 +0530[0m - dagster - [34mDEBUG[0m - materialize_dbt_models - f301e115-79a6-4eba-af77-bf7a341fd9d1 - 70990 - dbtsnow_dbt_assets - ASSET_OBSERVATION - DagsterEventType.ASSET_OBSERVATION for step dbtsnow_dbt_assets
[32m2025-06-13 10:33:18 +0530[0m - dagster - [34mDEBUG[0m - materialize_dbt_models - f301e115-79a6-4eba-af77-bf7a341fd9d1 - 70990 - dbtsnow_dbt_assets - ASSET_OBSERVATION - DagsterEventType.ASSET_OBSERVATION for step dbtsnow_dbt_assets
[32m2025-06-13 10:33:19 +0530[0m - dagster - [34mDEBUG[0m - materialize_dbt_models - f301e115-79a6-4eba-af77-bf7a341fd9d1 - 70990 - dbtsnow_dbt_assets - ASSET_OBSERVATION - DagsterEventType.ASSET_OBSERVATION for step dbtsnow_dbt_assets
[32m2025-06-13 10:33:19 +0530[0m - dagster - [34mDEBUG[0m - materialize_dbt_models - f301e115-79a6-4eba-af77-bf7a341fd9d1 - 70990 - dbtsnow_dbt_assets - ASSET_OBSERVATION - DagsterEventType.ASSET_OBSERVATION for step dbtsnow_dbt_assets
[32m2025-06-13 10:33:20 +0530[0m - dagster - [34mDEBUG[0m - materialize_dbt_models - f301e115-79a6-4eba-af77-bf7a341fd9d1 - 70990 - dbtsnow_dbt_assets - ASSET_OBSERVATION - DagsterEventType.ASSET_OBSERVATION for step dbtsnow_dbt_assets
[32m2025-06-13 10:33:20 +0530[0m - dagster - [34mDEBUG[0m - materialize_dbt_models - f301e115-79a6-4eba-af77-bf7a341fd9d1 - 70990 - dbtsnow_dbt_assets - ASSET_OBSERVATION - DagsterEventType.ASSET_OBSERVATION for step dbtsnow_dbt_assets
[32m2025-06-13 10:33:21 +0530[0m - dagster - [34mDEBUG[0m - materialize_dbt_models - f301e115-79a6-4eba-af77-bf7a341fd9d1 - 70990 - dbtsnow_dbt_assets - ASSET_OBSERVATION - DagsterEventType.ASSET_OBSERVATION for step dbtsnow_dbt_assets
[32m2025-06-13 10:33:21 +0530[0m - dagster - [34mDEBUG[0m - materialize_dbt_models - f301e115-79a6-4eba-af77-bf7a341fd9d1 - 70990 - dbtsnow_dbt_assets - ASSET_OBSERVATION - DagsterEventType.ASSET_OBSERVATION for step dbtsnow_dbt_assets
[32m2025-06-13 10:33:22 +0530[0m - dagster - [34mDEBUG[0m - materialize_dbt_models - f301e115-79a6-4eba-af77-bf7a341fd9d1 - 70990 - dbtsnow_dbt_assets - ASSET_OBSERVATION - DagsterEventType.ASSET_OBSERVATION for step dbtsnow_dbt_assets
[32m2025-06-13 10:33:25 +0530[0m - dagster - [34mDEBUG[0m - materialize_dbt_models - f301e115-79a6-4eba-af77-bf7a341fd9d1 - 70990 - dbtsnow_dbt_assets - STEP_OUTPUT - Yielded output "fact_rev" of type "Nothing". (Type check passed).
[32m2025-06-13 10:33:25 +0530[0m - dagster - [34mDEBUG[0m - materialize_dbt_models - f301e115-79a6-4eba-af77-bf7a341fd9d1 - 70990 - dbtsnow_dbt_assets - ASSET_MATERIALIZATION - Materialized value fact_rev.
[32m2025-06-13 10:33:26 +0530[0m - dagster - [34mDEBUG[0m - materialize_dbt_models - f301e115-79a6-4eba-af77-bf7a341fd9d1 - 70990 - dbtsnow_dbt_assets - STEP_SUCCESS - Finished execution of step "dbtsnow_dbt_assets" in 1m8s.
