[32m2025-06-08 02:46:18 +0530[0m - dagster - [34mDEBUG[0m - materialize_dbt_models - ea86897c-91fc-409c-ad17-458d012706f6 - 61290 - LOGS_CAPTURED - Started capturing logs in process (pid: 61290).
[32m2025-06-08 02:46:18 +0530[0m - dagster - [34mDEBUG[0m - materialize_dbt_models - ea86897c-91fc-409c-ad17-458d012706f6 - 61290 - dbtsnow_dbt_assets - STEP_START - Started execution of step "dbtsnow_dbt_assets".
[32m2025-06-08 02:46:18 +0530[0m - dagster - [34mINFO[0m - materialize_dbt_models - ea86897c-91fc-409c-ad17-458d012706f6 - dbtsnow_dbt_assets - A dbt subsetted execution is not being performed. Using the default dbt selection arguments `['--select', 'fqn:*']`.
[32m2025-06-08 02:46:18 +0530[0m - dagster - [34mINFO[0m - materialize_dbt_models - ea86897c-91fc-409c-ad17-458d012706f6 - dbtsnow_dbt_assets - Copying `/Users/yashpadiyar/dbt_pipeline/dbtsnow/target/partial_parse.msgpack` to `/Users/yashpadiyar/dbt_pipeline/dbtsnow/target/dbtsnow_dbt_assets-ea86897-927e6af/partial_parse.msgpack` to take advantage of partial parsing.
[32m2025-06-08 02:46:18 +0530[0m - dagster - [34mINFO[0m - materialize_dbt_models - ea86897c-91fc-409c-ad17-458d012706f6 - dbtsnow_dbt_assets - Running dbt command: `dbt build --select fqn:*`.
[32m2025-06-08 02:46:23 +0530[0m - dagster - [34mDEBUG[0m - materialize_dbt_models - ea86897c-91fc-409c-ad17-458d012706f6 - 61290 - dbtsnow_dbt_assets - STEP_OUTPUT - Yielded output "src_crm" of type "Nothing". (Type check passed).
[32m2025-06-08 02:46:23 +0530[0m - dagster - [34mDEBUG[0m - materialize_dbt_models - ea86897c-91fc-409c-ad17-458d012706f6 - 61290 - dbtsnow_dbt_assets - ASSET_MATERIALIZATION - Materialized value src_crm.
[32m2025-06-08 02:46:24 +0530[0m - dagster - [34mDEBUG[0m - materialize_dbt_models - ea86897c-91fc-409c-ad17-458d012706f6 - 61290 - dbtsnow_dbt_assets - STEP_OUTPUT - Yielded output "src_devices" of type "Nothing". (Type check passed).
[32m2025-06-08 02:46:24 +0530[0m - dagster - [34mDEBUG[0m - materialize_dbt_models - ea86897c-91fc-409c-ad17-458d012706f6 - 61290 - dbtsnow_dbt_assets - ASSET_MATERIALIZATION - Materialized value src_devices.
[32m2025-06-08 02:46:24 +0530[0m - dagster - [34mDEBUG[0m - materialize_dbt_models - ea86897c-91fc-409c-ad17-458d012706f6 - 61290 - dbtsnow_dbt_assets - STEP_OUTPUT - Yielded output "src_rev" of type "Nothing". (Type check passed).
[32m2025-06-08 02:46:24 +0530[0m - dagster - [34mDEBUG[0m - materialize_dbt_models - ea86897c-91fc-409c-ad17-458d012706f6 - 61290 - dbtsnow_dbt_assets - ASSET_MATERIALIZATION - Materialized value src_rev.
[32m2025-06-08 02:46:47 +0530[0m - dagster - [34mDEBUG[0m - materialize_dbt_models - ea86897c-91fc-409c-ad17-458d012706f6 - 61290 - dbtsnow_dbt_assets - STEP_OUTPUT - Yielded output "dim_crm" of type "Nothing". (Type check passed).
[32m2025-06-08 02:46:47 +0530[0m - dagster - [34mDEBUG[0m - materialize_dbt_models - ea86897c-91fc-409c-ad17-458d012706f6 - 61290 - dbtsnow_dbt_assets - ASSET_MATERIALIZATION - Materialized value dim_crm.
[32m2025-06-08 02:46:53 +0530[0m - dagster - [34mDEBUG[0m - materialize_dbt_models - ea86897c-91fc-409c-ad17-458d012706f6 - 61290 - dbtsnow_dbt_assets - STEP_OUTPUT - Yielded output "dim_device" of type "Nothing". (Type check passed).
[32m2025-06-08 02:46:53 +0530[0m - dagster - [34mDEBUG[0m - materialize_dbt_models - ea86897c-91fc-409c-ad17-458d012706f6 - 61290 - dbtsnow_dbt_assets - ASSET_MATERIALIZATION - Materialized value dim_device.
[32m2025-06-08 02:46:55 +0530[0m - dagster - [34mDEBUG[0m - materialize_dbt_models - ea86897c-91fc-409c-ad17-458d012706f6 - 61290 - dbtsnow_dbt_assets - STEP_OUTPUT - Yielded output "dim_date" of type "Nothing". (Type check passed).
[32m2025-06-08 02:46:55 +0530[0m - dagster - [34mDEBUG[0m - materialize_dbt_models - ea86897c-91fc-409c-ad17-458d012706f6 - 61290 - dbtsnow_dbt_assets - ASSET_MATERIALIZATION - Materialized value dim_date.
[32m2025-06-08 02:46:56 +0530[0m - dagster - [34mDEBUG[0m - materialize_dbt_models - ea86897c-91fc-409c-ad17-458d012706f6 - 61290 - dbtsnow_dbt_assets - ASSET_OBSERVATION - DagsterEventType.ASSET_OBSERVATION for step dbtsnow_dbt_assets
[32m2025-06-08 02:46:57 +0530[0m - dagster - [34mDEBUG[0m - materialize_dbt_models - ea86897c-91fc-409c-ad17-458d012706f6 - 61290 - dbtsnow_dbt_assets - ASSET_OBSERVATION - DagsterEventType.ASSET_OBSERVATION for step dbtsnow_dbt_assets
[32m2025-06-08 02:46:57 +0530[0m - dagster - [34mDEBUG[0m - materialize_dbt_models - ea86897c-91fc-409c-ad17-458d012706f6 - 61290 - dbtsnow_dbt_assets - ASSET_OBSERVATION - DagsterEventType.ASSET_OBSERVATION for step dbtsnow_dbt_assets
[32m2025-06-08 02:46:58 +0530[0m - dagster - [34mDEBUG[0m - materialize_dbt_models - ea86897c-91fc-409c-ad17-458d012706f6 - 61290 - dbtsnow_dbt_assets - ASSET_OBSERVATION - DagsterEventType.ASSET_OBSERVATION for step dbtsnow_dbt_assets
[32m2025-06-08 02:46:59 +0530[0m - dagster - [34mDEBUG[0m - materialize_dbt_models - ea86897c-91fc-409c-ad17-458d012706f6 - 61290 - dbtsnow_dbt_assets - ASSET_OBSERVATION - DagsterEventType.ASSET_OBSERVATION for step dbtsnow_dbt_assets
[32m2025-06-08 02:47:00 +0530[0m - dagster - [34mDEBUG[0m - materialize_dbt_models - ea86897c-91fc-409c-ad17-458d012706f6 - 61290 - dbtsnow_dbt_assets - ASSET_OBSERVATION - DagsterEventType.ASSET_OBSERVATION for step dbtsnow_dbt_assets
[32m2025-06-08 02:47:01 +0530[0m - dagster - [34mDEBUG[0m - materialize_dbt_models - ea86897c-91fc-409c-ad17-458d012706f6 - 61290 - dbtsnow_dbt_assets - ASSET_OBSERVATION - DagsterEventType.ASSET_OBSERVATION for step dbtsnow_dbt_assets
[32m2025-06-08 02:47:02 +0530[0m - dagster - [34mDEBUG[0m - materialize_dbt_models - ea86897c-91fc-409c-ad17-458d012706f6 - 61290 - dbtsnow_dbt_assets - ASSET_OBSERVATION - DagsterEventType.ASSET_OBSERVATION for step dbtsnow_dbt_assets
[32m2025-06-08 02:47:02 +0530[0m - dagster - [34mDEBUG[0m - materialize_dbt_models - ea86897c-91fc-409c-ad17-458d012706f6 - 61290 - dbtsnow_dbt_assets - ASSET_OBSERVATION - DagsterEventType.ASSET_OBSERVATION for step dbtsnow_dbt_assets
[32m2025-06-08 02:47:03 +0530[0m - dagster - [34mDEBUG[0m - materialize_dbt_models - ea86897c-91fc-409c-ad17-458d012706f6 - 61290 - dbtsnow_dbt_assets - ASSET_OBSERVATION - DagsterEventType.ASSET_OBSERVATION for step dbtsnow_dbt_assets
[32m2025-06-08 02:47:04 +0530[0m - dagster - [34mDEBUG[0m - materialize_dbt_models - ea86897c-91fc-409c-ad17-458d012706f6 - 61290 - dbtsnow_dbt_assets - ASSET_OBSERVATION - DagsterEventType.ASSET_OBSERVATION for step dbtsnow_dbt_assets
[32m2025-06-08 02:47:04 +0530[0m - dagster - [34mDEBUG[0m - materialize_dbt_models - ea86897c-91fc-409c-ad17-458d012706f6 - 61290 - dbtsnow_dbt_assets - ASSET_OBSERVATION - DagsterEventType.ASSET_OBSERVATION for step dbtsnow_dbt_assets
[32m2025-06-08 02:47:05 +0530[0m - dagster - [34mDEBUG[0m - materialize_dbt_models - ea86897c-91fc-409c-ad17-458d012706f6 - 61290 - dbtsnow_dbt_assets - ASSET_OBSERVATION - DagsterEventType.ASSET_OBSERVATION for step dbtsnow_dbt_assets
[32m2025-06-08 02:47:05 +0530[0m - dagster - [34mDEBUG[0m - materialize_dbt_models - ea86897c-91fc-409c-ad17-458d012706f6 - 61290 - dbtsnow_dbt_assets - ASSET_OBSERVATION - DagsterEventType.ASSET_OBSERVATION for step dbtsnow_dbt_assets
[32m2025-06-08 02:47:06 +0530[0m - dagster - [34mDEBUG[0m - materialize_dbt_models - ea86897c-91fc-409c-ad17-458d012706f6 - 61290 - dbtsnow_dbt_assets - ASSET_OBSERVATION - DagsterEventType.ASSET_OBSERVATION for step dbtsnow_dbt_assets
[32m2025-06-08 02:47:49 +0530[0m - dagster - [34mDEBUG[0m - materialize_dbt_models - ea86897c-91fc-409c-ad17-458d012706f6 - 61290 - dbtsnow_dbt_assets - STEP_OUTPUT - Yielded output "scd_dim_crm" of type "Nothing". (Type check passed).
[32m2025-06-08 02:47:49 +0530[0m - dagster - [34mDEBUG[0m - materialize_dbt_models - ea86897c-91fc-409c-ad17-458d012706f6 - 61290 - dbtsnow_dbt_assets - ASSET_MATERIALIZATION - Materialized value scd_dim_crm.
[32m2025-06-08 02:47:52 +0530[0m - dagster - [34mDEBUG[0m - materialize_dbt_models - ea86897c-91fc-409c-ad17-458d012706f6 - 61290 - dbtsnow_dbt_assets - STEP_OUTPUT - Yielded output "customer_device_bridge" of type "Nothing". (Type check passed).
[32m2025-06-08 02:47:52 +0530[0m - dagster - [34mDEBUG[0m - materialize_dbt_models - ea86897c-91fc-409c-ad17-458d012706f6 - 61290 - dbtsnow_dbt_assets - ASSET_MATERIALIZATION - Materialized value customer_device_bridge.
[32m2025-06-08 03:34:39 +0530[0m - dagster - [34mERROR[0m - [31mmaterialize_dbt_models - ea86897c-91fc-409c-ad17-458d012706f6 - 61290 - dbtsnow_dbt_assets - STEP_FAILURE - Execution of step "dbtsnow_dbt_assets" failed.

dagster._core.errors.DagsterExecutionInterruptedError

Stack Trace:
  File "/Users/yashpadiyar/dbt_pipeline/dbtsnow/venv/lib/python3.11/site-packages/dagster/_core/execution/plan/execute_plan.py", line 286, in dagster_event_sequence_for_step
    for step_event in check.generator(step_events):
  File "/Users/yashpadiyar/dbt_pipeline/dbtsnow/venv/lib/python3.11/site-packages/dagster/_core/execution/plan/execute_step.py", line 487, in core_dagster_event_sequence_for_step
    for user_event in _step_output_error_checked_user_event_sequence(
  File "/Users/yashpadiyar/dbt_pipeline/dbtsnow/venv/lib/python3.11/site-packages/dagster/_core/execution/plan/execute_step.py", line 169, in _step_output_error_checked_user_event_sequence
    for user_event in user_event_sequence:
  File "/Users/yashpadiyar/dbt_pipeline/dbtsnow/venv/lib/python3.11/site-packages/dagster/_core/execution/plan/execute_step.py", line 95, in _process_asset_results_to_events
    for user_event in user_event_sequence:
  File "/Users/yashpadiyar/dbt_pipeline/dbtsnow/venv/lib/python3.11/site-packages/dagster/_core/execution/plan/compute.py", line 212, in execute_core_compute
    for step_output in _yield_compute_results(step_context, inputs, compute_fn, compute_context):
  File "/Users/yashpadiyar/dbt_pipeline/dbtsnow/venv/lib/python3.11/site-packages/dagster/_core/execution/plan/compute.py", line 181, in _yield_compute_results
    for event in iterate_with_context(
  File "/Users/yashpadiyar/dbt_pipeline/dbtsnow/venv/lib/python3.11/site-packages/dagster/_utils/__init__.py", line 467, in iterate_with_context
    next_output = next(iterator)
                  ^^^^^^^^^^^^^^
  File "/Users/yashpadiyar/dbt_pipeline/my_dbt_dagster_project/my_dbt_dagster_project/assets.py", line 9, in dbtsnow_dbt_assets
    yield from dbt.cli(["build"], context=context).stream()
  File "/Users/yashpadiyar/dbt_pipeline/dbtsnow/venv/lib/python3.11/site-packages/dagster_dbt/core/resources_v2.py", line 390, in stream
    for event in self.stream_raw_events():
  File "/Users/yashpadiyar/dbt_pipeline/dbtsnow/venv/lib/python3.11/site-packages/dagster_dbt/core/resources_v2.py", line 405, in stream_raw_events
    for raw_line in self.process.stdout or []:
  File "/Users/yashpadiyar/dbt_pipeline/dbtsnow/venv/lib/python3.11/site-packages/dagster/_utils/interrupts.py", line 82, in _new_signal_handler
    raise error_cls()
[0m
