Running with dbt=1.7.19
Registered adapter: snowflake=1.7.1
Found 8 models, 1 snapshot, 15 tests, 1 source, 0 exposures, 0 metrics, 546 macros, 0 groups, 0 semantic models

Concurrency: 1 threads (target='dev')

1 of 24 START sql view model DEV.src_crm ....................................... [RUN]
1 of 24 OK created sql view model DEV.src_crm .................................. [[32mSUCCESS 1[0m in 0.82s]
2 of 24 START sql view model DEV.src_devices ................................... [RUN]
2 of 24 OK created sql view model DEV.src_devices .............................. [[32mSUCCESS 1[0m in 0.70s]
3 of 24 START sql view model DEV.src_rev ....................................... [RUN]
3 of 24 OK created sql view model DEV.src_rev .................................. [[32mSUCCESS 1[0m in 0.64s]
4 of 24 START sql table model DEV.dim_crm ...................................... [RUN]
4 of 24 OK created sql table model DEV.dim_crm ................................. [[32mSUCCESS 1[0m in 23.10s]
5 of 24 START sql table model DEV.dim_device ................................... [RUN]
5 of 24 OK created sql table model DEV.dim_device .............................. [[32mSUCCESS 1[0m in 5.33s]
6 of 24 START sql table model DEV.dim_date ..................................... [RUN]
6 of 24 OK created sql table model DEV.dim_date ................................ [[32mSUCCESS 1[0m in 1.91s]
7 of 24 START test accepted_values_dim_crm_gender__male__female__others ........ [RUN]
7 of 24 PASS accepted_values_dim_crm_gender__male__female__others .............. [[32mPASS[0m in 1.25s]
8 of 24 START test not_null_dim_crm_customer_id ................................ [RUN]
8 of 24 PASS not_null_dim_crm_customer_id ...................................... [[32mPASS[0m in 0.84s]
9 of 24 START test not_null_dim_crm_msisdn ..................................... [RUN]
9 of 24 PASS not_null_dim_crm_msisdn ........................................... [[32mPASS[0m in 0.79s]
10 of 24 START test not_null_dim_crm_system_status ............................. [RUN]
10 of 24 PASS not_null_dim_crm_system_status ................................... [[32mPASS[0m in 0.60s]
11 of 24 START test not_null_dim_crm_value_segment ............................. [RUN]
11 of 24 PASS not_null_dim_crm_value_segment ................................... [[32mPASS[0m in 0.60s]
12 of 24 START test unique_dim_crm_customer_id ................................. [RUN]
12 of 24 PASS unique_dim_crm_customer_id ....................................... [[32mPASS[0m in 1.64s]
13 of 24 START test valid_dob .................................................. [RUN]
13 of 24 PASS valid_dob ........................................................ [[32mPASS[0m in 0.43s]
14 of 24 START test not_null_dim_device_brand_name ............................. [RUN]
14 of 24 PASS not_null_dim_device_brand_name ................................... [[32mPASS[0m in 0.99s]
15 of 24 START test not_null_dim_device_device_id .............................. [RUN]
15 of 24 PASS not_null_dim_device_device_id .................................... [[32mPASS[0m in 0.59s]
16 of 24 START test not_null_dim_device_imei_tac ............................... [RUN]
16 of 24 PASS not_null_dim_device_imei_tac ..................................... [[32mPASS[0m in 0.68s]
17 of 24 START test not_null_dim_device_model_name ............................. [RUN]
17 of 24 PASS not_null_dim_device_model_name ................................... [[32mPASS[0m in 0.54s]
18 of 24 START test not_null_dim_device_msisdn ................................. [RUN]
18 of 24 PASS not_null_dim_device_msisdn ....................................... [[32mPASS[0m in 0.50s]
19 of 24 START test not_null_dim_device_os_name ................................ [RUN]
19 of 24 PASS not_null_dim_device_os_name ...................................... [[32mPASS[0m in 0.51s]
20 of 24 START test not_null_dim_device_os_vendor .............................. [RUN]
20 of 24 PASS not_null_dim_device_os_vendor .................................... [[32mPASS[0m in 0.47s]
21 of 24 START test unique_dim_device_device_id ................................ [RUN]
21 of 24 PASS unique_dim_device_device_id ...................................... [[32mPASS[0m in 1.09s]
22 of 24 START snapshot dev.scd_dim_crm ........................................ [RUN]
22 of 24 OK snapshotted dev.scd_dim_crm ........................................ [[32mSUCCESS 11631836[0m in 43.31s]
23 of 24 START sql table model DEV.customer_device_bridge ...................... [RUN]
23 of 24 OK created sql table model DEV.customer_device_bridge ................. [[32mSUCCESS 1[0m in 3.01s]
24 of 24 START sql table model DEV.fact_rev .................................... [RUN]
